Analysis initiated from SIMULIA established products
Abaqus JOB bend_diagonal
Abaqus 3DEXPERIENCE R2018x
Abaqus License Manager checked out the following licenses:
Abaqus/Standard checked out 5 tokens from Flexnet server lic-abaqus.aalto.fi.
<87 out of 100 licenses remain available>.
Begin Compiling Abaqus/Standard User Subroutines
11/7/2023 12:21:43 PM
Intel(R) Fortran Intel(R) 64 Compiler Classic for applications running on Intel(R) 64, Version 2021.10.0 Build 20230609_000000
Copyright (C) 1985-2023 Intel Corporation.  All rights reserved.

End Compiling Abaqus/Standard User Subroutines
Begin Linking Abaqus/Standard User Subroutines
   Creating library standardU.lib and object standardU.exp
End Linking Abaqus/Standard User Subroutines
11/7/2023 12:21:43 PM
Begin Abaqus/Standard Analysis
11/7/2023 12:21:43 PM
Run standard.exe
 UEXTDB  0  0.000  0.000  0.000   0   0
 UEXT Start of bend_diagonal
 UEXT Start of analysis in 
 C:\Users\ehsanie1\Desktop\hydra-Abaqus-FEA\verification\gradient_local
 UEXTDB Read         240 elh elements
 UEXTDB  5  0.000  0.000  0.100   1   1
 UEXTDB  1  0.000  0.000  0.100   1   1
 UEXTDB  2  0.100  0.100  0.100   1   1
 URDFIL
 UEXTDB  1  0.100  0.100  0.100   1   2
 UEXTDB  2  0.200  0.200  0.100   1   2
 URDFIL
 UEXTDB  1  0.200  0.200  0.100   1   3
 UEXTDB  2  0.300  0.300  0.100   1   3
 URDFIL
 UEXTDB  1  0.300  0.300  0.100   1   4
 UEXTDB  2  0.400  0.400  0.100   1   4
 URDFIL
 UEXTDB  1  0.400  0.400  0.100   1   5
 UEXTDB  2  0.500  0.500  0.100   1   5
 URDFIL
 UEXTDB  1  0.500  0.500  0.100   1   6
 UEXTDB  2  0.600  0.600  0.100   1   6
 URDFIL
 UEXTDB  1  0.600  0.600  0.100   1   7
 UEXTDB  2  0.700  0.700  0.100   1   7
 URDFIL
 UEXTDB  1  0.700  0.700  0.100   1   8
 UEXTDB  2  0.800  0.800  0.100   1   8
 URDFIL
 UEXTDB  1  0.800  0.800  0.100   1   9
 UEXTDB  2  0.900  0.900  0.100   1   9
 URDFIL
 UEXTDB  1  0.900  0.900  0.100   1  10
 UEXTDB  2  1.000  1.000  0.100   1  10
 URDFIL
 UEXTDB  6  1.000  1.000  0.100   1  10
 UEXTDB  3  1.000  1.000  0.000   1  10
11/7/2023 12:21:48 PM
End Abaqus/Standard Analysis
Begin Convert MFS to SFS
11/7/2023 12:21:49 PM
Run SMASimUtility.exe
11/7/2023 12:21:49 PM
End Convert MFS to SFS
Abaqus JOB bend_diagonal COMPLETED
