Analysis initiated from SIMULIA established products
Abaqus JOB noH
Abaqus 3DEXPERIENCE R2018x
Abaqus License Manager checked out the following licenses:
Abaqus/Standard checked out 5 tokens from Flexnet server lic-abaqus.aalto.fi.
<87 out of 100 licenses remain available>.
Begin Analysis Input File Processor
11/7/2023 1:01:59 PM
Run pre.exe
11/7/2023 1:02:06 PM
End Analysis Input File Processor
Begin Abaqus/Standard Analysis
11/7/2023 1:02:06 PM
Run standard.exe
11/7/2023 1:04:50 PM
End Abaqus/Standard Analysis
Begin Convert MFS to SFS
11/7/2023 1:04:52 PM
Run SMASimUtility.exe
11/7/2023 1:04:52 PM
End Convert MFS to SFS
Abaqus JOB noH COMPLETED
