0
1
0
Assembly-1
1
PART-1-1
PART-1
1
PART-1-1
24
1
2
3
4
5
6
7
8
9
10
11
12
13
14
15
16
17
18
19
20
21
22
23
24
0
1
PART-1-1
10
2
3
4
5
6
7
8
9
10
11
0
0
1
PART-1-1
3
HYDRA
0
1
10
2 3 4 5 6 7 8 9 10 11 
0
0
HYDRA-HIST
0
1
2
2 11 
0
0
MAP_S
0
1
1
2 
0
0
0
0
1
PART-1-1
6
CONC
0
1
6
19 20 21 22 23 24 
0
0
HYDRA
0
1
22
3 4 5 6 7 8 9 10 11 12 13 14 15 16 17 18 19 20 21 22 23 24 
0
0
LOAD
0
1
2
23 24 
0
0
NHIST
0
1
4
3 5 23 24 
0
0
XDISPL
0
1
11
3 5 7 9 11 13 15 17 19 21 23 
0
0
YDISPL
0
1
2
3 4 
0
0
0
0
0
