Analysis initiated from SIMULIA established products
Abaqus JOB H-3cohesive
Abaqus 3DEXPERIENCE R2018x
Abaqus License Manager checked out the following licenses:
Abaqus/Standard checked out 5 tokens from Flexnet server lic-abaqus.aalto.fi.
<87 out of 100 licenses remain available>.
Begin Compiling Abaqus/Standard User Subroutines
11/7/2023 12:49:53 PM
Intel(R) Fortran Intel(R) 64 Compiler Classic for applications running on Intel(R) 64, Version 2021.10.0 Build 20230609_000000
Copyright (C) 1985-2023 Intel Corporation.  All rights reserved.

End Compiling Abaqus/Standard User Subroutines
Begin Linking Abaqus/Standard User Subroutines
   Creating library standardU.lib and object standardU.exp
End Linking Abaqus/Standard User Subroutines
11/7/2023 12:49:53 PM
Begin Abaqus/Standard Analysis
11/7/2023 12:49:53 PM
Run standard.exe
 UEXT Start of H-3cohesive
 UEXT Start of analysis in 
 C:\Users\ehsanie1\Desktop\hydra-Abaqus-FEA\verification\weakC_local
 Read           1 elements
11/7/2023 12:50:04 PM
End Abaqus/Standard Analysis
Begin Convert MFS to SFS
11/7/2023 12:50:05 PM
Run SMASimUtility.exe
11/7/2023 12:50:05 PM
End Convert MFS to SFS
Abaqus JOB H-3cohesive COMPLETED
