Analysis initiated from SIMULIA established products
Abaqus JOB H
Abaqus 3DEXPERIENCE R2018x
Abaqus License Manager checked out the following licenses:
Abaqus/Standard checked out 5 tokens from Flexnet server lic-abaqus.aalto.fi.
<87 out of 100 licenses remain available>.
Begin Analysis Input File Processor
11/7/2023 11:50:46 AM
Run pre.exe
11/7/2023 11:51:41 AM
End Analysis Input File Processor
Begin Abaqus/Standard Datacheck
Begin Abaqus/Standard Analysis
11/7/2023 11:51:41 AM
Run standard.exe
11/7/2023 11:52:32 AM
Abaqus Error: Abaqus/Standard Analysis exited with an error - Please see the 
message file for possible error messages if the file exists.
Begin Convert MFS to SFS
11/7/2023 11:52:33 AM
Run SMASimUtility.exe
11/7/2023 11:52:33 AM
End Convert MFS to SFS
Abaqus/Analysis exited with errors
