Analysis initiated from SIMULIA established products
Abaqus JOB H_s
Abaqus 3DEXPERIENCE R2018x
Abaqus License Manager checked out the following licenses:
Abaqus/Standard checked out 5 tokens from Flexnet server lic-abaqus.aalto.fi.
<77 out of 100 licenses remain available>.
Begin Compiling Abaqus/Standard User Subroutines
11/7/2023 12:07:50 PM
Intel(R) Fortran Intel(R) 64 Compiler Classic for applications running on Intel(R) 64, Version 2021.10.0 Build 20230609_000000
Copyright (C) 1985-2023 Intel Corporation.  All rights reserved.

End Compiling Abaqus/Standard User Subroutines
Begin Linking Abaqus/Standard User Subroutines
   Creating library standardU.lib and object standardU.exp
End Linking Abaqus/Standard User Subroutines
11/7/2023 12:07:51 PM
Begin Analysis Input File Processor
11/7/2023 12:07:51 PM
Run pre.exe
11/7/2023 12:08:37 PM
End Analysis Input File Processor
Begin Abaqus/Standard Analysis
11/7/2023 12:08:37 PM
Run standard.exe
11/7/2023 12:08:37 PM
Abaqus Error: The executable standard.exe
aborted with system error code 1073741511.
Please check the .dat, .msg, and .sta files for error messages if the files
exist.  If there are no error messages and you cannot resolve the problem,
please run the command "abaqus job=support information=support" to report and
save your system information.  Use the same command to run Abaqus that you
used when the problem occurred.  Please contact your local Abaqus support
office and send them the input file, the file support.log which you just
created, the executable name, and the error code.
Begin Convert MFS to SFS
11/7/2023 12:08:39 PM
Run SMASimUtility.exe
11/7/2023 12:08:39 PM
End Convert MFS to SFS
Abaqus/Analysis exited with errors
